
  VITE v6.4.3  ready in 313 ms

  ➜  Local:   http://127.0.0.1:5173/
14:01:16 [vite] (client) hmr update /src/views/Scans.vue
14:01:16 [vite] (client) hmr update /src/views/Scans.vue
14:01:17 [vite] (client) hmr update /src/views/Scans.vue
14:01:17 [vite] (client) hmr update /src/views/Scans.vue
14:01:18 [vite] (client) hmr update /src/views/Scans.vue
14:01:19 [vite] (client) hmr update /src/views/Dashboard.vue
14:01:20 [vite] (client) hmr update /src/views/Dashboard.vue
14:01:20 [vite] (client) hmr update /src/views/Dashboard.vue
14:02:56 [vite] http proxy error: /api/ghostdesk/overview
Error: socket hang up
    at Socket.socketOnEnd (node:_http_client:599:25)
    at Socket.emit (node:events:531:35)
    at endReadableNT (node:internal/streams/readable:1698:12)
    at process.processTicksAndRejections (node:internal/process/task_queues:89:21)
14:02:56 [vite] http proxy error: /api/ghostdesk/scans
Error: socket hang up
    at Socket.socketOnEnd (node:_http_client:599:25)
    at Socket.emit (node:events:531:35)
    at endReadableNT (node:internal/streams/readable:1698:12)
    at process.processTicksAndRejections (node:internal/process/task_queues:89:21)
14:02:56 [vite] http proxy error: /api/ghostdesk/scans
Error: connect ECONNREFUSED 127.0.0.1:3847
    at TCPConnectWrap.afterConnect [as oncomplete] (node:net:1631:16)
14:09:31 [vite] (client) hmr update /src/views/Dashboard.vue, /src/components/AppLayout.vue, /src/views/Intel.vue, /src/views/Projects.vue, /src/views/Clients.vue, /src/views/Scans.vue
14:09:38 [vite] (client) hmr update /src/components/AppLayout.vue
14:09:42 [vite] (client) hmr update /src/views/Intel.vue
14:09:42 [vite] (client) hmr update /src/views/Intel.vue
14:13:38 [vite] (client) hmr update /src/components/AppLayout.vue
14:13:39 [vite] (client) hmr update /src/components/AppLayout.vue
14:13:40 [vite] (client) hmr update /src/views/Dashboard.vue
14:13:41 [vite] (client) hmr update /src/views/Scans.vue
14:21:29 [vite] (client) hmr update /src/style.css
14:21:50 [vite] (client) hmr update /src/components/AppLayout.vue
14:22:12 [vite] (client) hmr update /src/views/Dashboard.vue
14:22:36 [vite] (client) hmr update /src/views/Scans.vue
14:22:50 [vite] (client) hmr update /src/views/Intel.vue
14:31:14 [vite] (client) page reload index.html
14:32:17 [vite] (client) hmr update /src/style.css
14:32:40 [vite] (client) hmr update /src/components/AppLayout.vue
14:33:24 [vite] (client) hmr update /src/views/Dashboard.vue
14:33:49 [vite] (client) hmr update /src/views/Scans.vue
14:34:03 [vite] (client) hmr update /src/views/Intel.vue
14:34:43 [vite] (client) hmr update /src/views/Intel.vue
14:38:53 [vite] (client) hmr update /src/views/Dashboard.vue, /src/components/AppLayout.vue, /src/views/Intel.vue, /src/views/Projects.vue, /src/views/Clients.vue, /src/views/Scans.vue
14:38:53 [vite] Internal server error: At least one <template> or <script> is required in a single file component. /home/client01/Área de trabalho/Tools/GHOSTRECON/GhostDesk/frontend/src/views/Dashboard.vue
  Plugin: vite:vue
  File: /home/client01/Área de trabalho/Tools/GHOSTRECON/GhostDesk/frontend/src/views/Dashboard.vue
      at Object.parse$1 [as parse] (/home/client01/Área de trabalho/Tools/GHOSTRECON/GhostDesk/frontend/node_modules/@vue/compiler-sfc/dist/compiler-sfc.cjs.js:1894:7)
      at createDescriptor (file:///home/client01/%C3%81rea%20de%20trabalho/Tools/GHOSTRECON/GhostDesk/frontend/node_modules/@vitejs/plugin-vue/dist/index.mjs:71:43)
      at transformMain (file:///home/client01/%C3%81rea%20de%20trabalho/Tools/GHOSTRECON/GhostDesk/frontend/node_modules/@vitejs/plugin-vue/dist/index.mjs:2421:34)
      at TransformPluginContext.transform (file:///home/client01/%C3%81rea%20de%20trabalho/Tools/GHOSTRECON/GhostDesk/frontend/node_modules/@vitejs/plugin-vue/dist/index.mjs:3053:16)
      at EnvironmentPluginContainer.transform (file:///home/client01/%C3%81rea%20de%20trabalho/Tools/GHOSTRECON/GhostDesk/frontend/node_modules/vite/dist/node/chunks/dep-Dm0c1Wj2.js:42454:19)
      at async loadAndTransform (file:///home/client01/%C3%81rea%20de%20trabalho/Tools/GHOSTRECON/GhostDesk/frontend/node_modules/vite/dist/node/chunks/dep-Dm0c1Wj2.js:35845:27)
      at async viteTransformMiddleware (file:///home/client01/%C3%81rea%20de%20trabalho/Tools/GHOSTRECON/GhostDesk/frontend/node_modules/vite/dist/node/chunks/dep-Dm0c1Wj2.js:37369:24)
14:38:53 [vite] Internal server error: At least one <template> or <script> is required in a single file component. /home/client01/Área de trabalho/Tools/GHOSTRECON/GhostDesk/frontend/src/components/AppLayout.vue
  Plugin: vite:vue
  File: /home/client01/Área de trabalho/Tools/GHOSTRECON/GhostDesk/frontend/src/components/AppLayout.vue
      at Object.parse$1 [as parse] (/home/client01/Área de trabalho/Tools/GHOSTRECON/GhostDesk/frontend/node_modules/@vue/compiler-sfc/dist/compiler-sfc.cjs.js:1894:7)
      at createDescriptor (file:///home/client01/%C3%81rea%20de%20trabalho/Tools/GHOSTRECON/GhostDesk/frontend/node_modules/@vitejs/plugin-vue/dist/index.mjs:71:43)
      at transformMain (file:///home/client01/%C3%81rea%20de%20trabalho/Tools/GHOSTRECON/GhostDesk/frontend/node_modules/@vitejs/plugin-vue/dist/index.mjs:2421:34)
      at TransformPluginContext.transform (file:///home/client01/%C3%81rea%20de%20trabalho/Tools/GHOSTRECON/GhostDesk/frontend/node_modules/@vitejs/plugin-vue/dist/index.mjs:3053:16)
      at EnvironmentPluginContainer.transform (file:///home/client01/%C3%81rea%20de%20trabalho/Tools/GHOSTRECON/GhostDesk/frontend/node_modules/vite/dist/node/chunks/dep-Dm0c1Wj2.js:42454:19)
      at async loadAndTransform (file:///home/client01/%C3%81rea%20de%20trabalho/Tools/GHOSTRECON/GhostDesk/frontend/node_modules/vite/dist/node/chunks/dep-Dm0c1Wj2.js:35845:27)
      at async viteTransformMiddleware (file:///home/client01/%C3%81rea%20de%20trabalho/Tools/GHOSTRECON/GhostDesk/frontend/node_modules/vite/dist/node/chunks/dep-Dm0c1Wj2.js:37369:24)
